


materialPath: C:\Program Files (x86)\Steam\steamapps\sourcemods\momentum\materials
Loading C:\mapsrc\surf_faux_rambjoe.vmf
Could not locate 'GameData' key in c:\program files (x86)\steam\steamapps\sourcemods\momentum\gameinfo.txt
fixing up env_cubemap materials on brush sides...
0...1...2...3...4...5...6...7...8...9...10**** leaked ****
Entity info_player_start (-640.00 0.00 1.00) leaked!

FindPortalSide: Couldn't find a good match for which brush to assign to a portal near (1536.0 1024.0 -293.9)
Leaf 0 contents: CONTENTS_SOLID 
Leaf 1 contents: 
viscontents (node 0 contents ^ node 1 contents): CONTENTS_SOLID 
This means that none of the brushes in leaf 0 or 1 that touches the portal has CONTENTS_SOLID 
Check for a huge brush enclosing the coordinates above that has contents CONTENTS_SOLID 
Candidate brush IDs: 


FindPortalSide: Couldn't find a good match for which brush to assign to a portal near (1536.0 1024.0 -1695.7)
Leaf 0 contents: CONTENTS_SOLID 
Leaf 1 contents: 
viscontents (node 0 contents ^ node 1 contents): CONTENTS_SOLID 
This means that none of the brushes in leaf 0 or 1 that touches the portal has CONTENTS_SOLID 
Check for a huge brush enclosing the coordinates above that has contents CONTENTS_SOLID 
Candidate brush IDs: 


FindPortalSide: Couldn't find a good match for which brush to assign to a portal near (1536.0 1024.0 1001.8)
Leaf 0 contents: CONTENTS_SOLID 
Leaf 1 contents: 
viscontents (node 0 contents ^ node 1 contents): CONTENTS_SOLID 
This means that none of the brushes in leaf 0 or 1 that touches the portal has CONTENTS_SOLID 
Check for a huge brush enclosing the coordinates above that has contents CONTENTS_SOLID 
Candidate brush IDs: 


FindPortalSide: Couldn't find a good match for which brush to assign to a portal near (1536.0 2048.0 -400.0)
Leaf 0 contents: 
Leaf 1 contents: CONTENTS_SOLID 
viscontents (node 0 contents ^ node 1 contents): CONTENTS_SOLID 
This means that none of the brushes in leaf 0 or 1 that touches the portal has CONTENTS_SOLID 
Check for a huge brush enclosing the coordinates above that has contents CONTENTS_SOLID 
Candidate brush IDs: 


FindPortalSide: Couldn't find a good match for which brush to assign to a portal near (2048.0 1536.0 -400.0)
Leaf 0 contents: 
Leaf 1 contents: CONTENTS_SOLID 
viscontents (node 0 contents ^ node 1 contents): CONTENTS_SOLID 
This means that none of the brushes in leaf 0 or 1 that touches the portal has CONTENTS_SOLID 
Check for a huge brush enclosing the coordinates above that has contents CONTENTS_SOLID 
Candidate brush IDs: 


FindPortalSide: Couldn't find a good match for which brush to assign to a portal near (512.0 1024.0 -400.0)
Leaf 0 contents: CONTENTS_SOLID 
Leaf 1 contents: 
viscontents (node 0 contents ^ node 1 contents): CONTENTS_SOLID 
This means that none of the brushes in leaf 0 or 1 that touches the portal has CONTENTS_SOLID 
Check for a huge brush enclosing the coordinates above that has contents CONTENTS_SOLID 
Candidate brush IDs: 


FindPortalSide: Couldn't find a good match for which brush to assign to a portal near (512.0 2048.0 -400.0)
Leaf 0 contents: 
Leaf 1 contents: CONTENTS_SOLID 
viscontents (node 0 contents ^ node 1 contents): CONTENTS_SOLID 
This means that none of the brushes in leaf 0 or 1 that touches the portal has CONTENTS_SOLID 
Check for a huge brush enclosing the coordinates above that has contents CONTENTS_SOLID 
Candidate brush IDs: 


FindPortalSide: Couldn't find a good match for which brush to assign to a portal near (-896.0 1024.0 -2568.0)
Leaf 0 contents: CONTENTS_SOLID 
Leaf 1 contents: 
viscontents (node 0 contents ^ node 1 contents): CONTENTS_SOLID 
This means that none of the brushes in leaf 0 or 1 that touches the portal has CONTENTS_SOLID 
Check for a huge brush enclosing the coordinates above that has contents CONTENTS_SOLID 
Candidate brush IDs: 

*** Suppressing further FindPortalSide errors.... ***
Processing areas...done (0)
Building Faces...done (0)
FixTjuncs...
PruneNodes...
WriteBSP...
done (0)
Creating default LDR cubemaps for env_cubemap using skybox materials:
   skybox/sky_day01_01*.vmt
 ! Run buildcubemaps in the engine to get the correct cube maps.
Creating default HDR cubemaps for env_cubemap using skybox materials:
   skybox/sky_day01_01*.vmt
 ! Run buildcubemaps in the engine to get the correct cube maps.
Finding displacement neighbors...
Finding lightmap sample positions...
Displacement Alpha : 0...1...2...3...4...5...6...7...8...9...10
Building Physics collision data...
done (0) (5593 bytes)
Placing detail props : 0...1...2...3...4...5...6...7...8...9...10
Compacting texture/material tables...
Reduced 46 texinfos to 39
Reduced 6 texdatas to 6 (127 bytes to 127)
Writing C:\mapsrc\surf_faux_rambjoe.bsp
Wrote ZIP buffer, estimated size 105913, actual size 105699
0 seconds elapsed



8 threads
reading c:\mapsrc\surf_faux_rambjoe.bsp
reading c:\mapsrc\surf_faux_rambjoe.prt
LoadPortals: couldn't read c:\mapsrc\surf_faux_rambjoe.prt



materialPath: C:\Program Files (x86)\Steam\steamapps\sourcemods\momentum\materials
Loading C:\mapsrc\surf_faux_rambjoe.vmf
Could not locate 'GameData' key in c:\program files (x86)\steam\steamapps\sourcemods\momentum\gameinfo.txt
fixing up env_cubemap materials on brush sides...
0...1...2...3...4...5...6...7...8...9...10**** leaked ****
Entity info_player_start (-640.00 0.00 1.00) leaked!

FindPortalSide: Couldn't find a good match for which brush to assign to a portal near (1536.0 1024.0 -470.2)
Leaf 0 contents: CONTENTS_SOLID 
Leaf 1 contents: 
viscontents (node 0 contents ^ node 1 contents): CONTENTS_SOLID 
This means that none of the brushes in leaf 0 or 1 that touches the portal has CONTENTS_SOLID 
Check for a huge brush enclosing the coordinates above that has contents CONTENTS_SOLID 
Candidate brush IDs: 


FindPortalSide: Couldn't find a good match for which brush to assign to a portal near (1536.0 1024.0 -1826.7)
Leaf 0 contents: CONTENTS_SOLID 
Leaf 1 contents: 
viscontents (node 0 contents ^ node 1 contents): CONTENTS_SOLID 
This means that none of the brushes in leaf 0 or 1 that touches the portal has CONTENTS_SOLID 
Check for a huge brush enclosing the coordinates above that has contents CONTENTS_SOLID 
Candidate brush IDs: 


FindPortalSide: Couldn't find a good match for which brush to assign to a portal near (1536.0 1024.0 956.5)
Leaf 0 contents: CONTENTS_SOLID 
Leaf 1 contents: 
viscontents (node 0 contents ^ node 1 contents): CONTENTS_SOLID 
This means that none of the brushes in leaf 0 or 1 that touches the portal has CONTENTS_SOLID 
Check for a huge brush enclosing the coordinates above that has contents CONTENTS_SOLID 
Candidate brush IDs: 


FindPortalSide: Couldn't find a good match for which brush to assign to a portal near (1536.0 2048.0 -400.0)
Leaf 0 contents: 
Leaf 1 contents: CONTENTS_SOLID 
viscontents (node 0 contents ^ node 1 contents): CONTENTS_SOLID 
This means that none of the brushes in leaf 0 or 1 that touches the portal has CONTENTS_SOLID 
Check for a huge brush enclosing the coordinates above that has contents CONTENTS_SOLID 
Candidate brush IDs: 


FindPortalSide: Couldn't find a good match for which brush to assign to a portal near (2048.0 1536.0 -400.0)
Leaf 0 contents: 
Leaf 1 contents: CONTENTS_SOLID 
viscontents (node 0 contents ^ node 1 contents): CONTENTS_SOLID 
This means that none of the brushes in leaf 0 or 1 that touches the portal has CONTENTS_SOLID 
Check for a huge brush enclosing the coordinates above that has contents CONTENTS_SOLID 
Candidate brush IDs: 


FindPortalSide: Couldn't find a good match for which brush to assign to a portal near (512.0 1024.0 -400.0)
Leaf 0 contents: CONTENTS_SOLID 
Leaf 1 contents: 
viscontents (node 0 contents ^ node 1 contents): CONTENTS_SOLID 
This means that none of the brushes in leaf 0 or 1 that touches the portal has CONTENTS_SOLID 
Check for a huge brush enclosing the coordinates above that has contents CONTENTS_SOLID 
Candidate brush IDs: 


FindPortalSide: Couldn't find a good match for which brush to assign to a portal near (512.0 2048.0 -400.0)
Leaf 0 contents: 
Leaf 1 contents: CONTENTS_SOLID 
viscontents (node 0 contents ^ node 1 contents): CONTENTS_SOLID 
This means that none of the brushes in leaf 0 or 1 that touches the portal has CONTENTS_SOLID 
Check for a huge brush enclosing the coordinates above that has contents CONTENTS_SOLID 
Candidate brush IDs: 


FindPortalSide: Couldn't find a good match for which brush to assign to a portal near (-896.0 1024.0 -2568.0)
Leaf 0 contents: CONTENTS_SOLID 
Leaf 1 contents: 
viscontents (node 0 contents ^ node 1 contents): CONTENTS_SOLID 
This means that none of the brushes in leaf 0 or 1 that touches the portal has CONTENTS_SOLID 
Check for a huge brush enclosing the coordinates above that has contents CONTENTS_SOLID 
Candidate brush IDs: 

*** Suppressing further FindPortalSide errors.... ***
Processing areas...done (0)
Building Faces...done (0)
FixTjuncs...
PruneNodes...
WriteBSP...
done (0)
Creating default LDR cubemaps for env_cubemap using skybox materials:
   skybox/sky_day01_01*.vmt
 ! Run buildcubemaps in the engine to get the correct cube maps.
Creating default HDR cubemaps for env_cubemap using skybox materials:
   skybox/sky_day01_01*.vmt
 ! Run buildcubemaps in the engine to get the correct cube maps.
Finding displacement neighbors...
Finding lightmap sample positions...
Displacement Alpha : 0...1...2...3...4...5...6...7...8...9...10
Building Physics collision data...
done (0) (5593 bytes)
Placing detail props : 0...1...2...3...4...5...6...7...8...9...10
Compacting texture/material tables...
Reduced 46 texinfos to 39
Reduced 6 texdatas to 6 (127 bytes to 127)
Writing C:\mapsrc\surf_faux_rambjoe.bsp
Wrote ZIP buffer, estimated size 105913, actual size 105699
0 seconds elapsed



8 threads
reading c:\mapsrc\surf_faux_rambjoe.bsp
reading c:\mapsrc\surf_faux_rambjoe.prt
LoadPortals: couldn't read c:\mapsrc\surf_faux_rambjoe.prt



materialPath: C:\Program Files (x86)\Steam\steamapps\sourcemods\momentum\materials
Loading C:\mapsrc\surf_faux_rambjoe.vmf
Could not locate 'GameData' key in c:\program files (x86)\steam\steamapps\sourcemods\momentum\gameinfo.txt
fixing up env_cubemap materials on brush sides...
0...1...2...3...4...5...6...7...8...9...10**** leaked ****
Entity info_player_start (-640.00 0.00 1.00) leaked!

FindPortalSide: Couldn't find a good match for which brush to assign to a portal near (1441.1 1024.0 -276.8)
Leaf 0 contents: CONTENTS_SOLID 
Leaf 1 contents: 
viscontents (node 0 contents ^ node 1 contents): CONTENTS_SOLID 
This means that none of the brushes in leaf 0 or 1 that touches the portal has CONTENTS_SOLID 
Check for a huge brush enclosing the coordinates above that has contents CONTENTS_SOLID 
Candidate brush IDs: 


FindPortalSide: Couldn't find a good match for which brush to assign to a portal near (1536.0 1024.0 -2210.7)
Leaf 0 contents: CONTENTS_SOLID 
Leaf 1 contents: 
viscontents (node 0 contents ^ node 1 contents): CONTENTS_SOLID 
This means that none of the brushes in leaf 0 or 1 that touches the portal has CONTENTS_SOLID 
Check for a huge brush enclosing the coordinates above that has contents CONTENTS_SOLID 
Candidate brush IDs: 


FindPortalSide: Couldn't find a good match for which brush to assign to a portal near (1719.2 1024.0 257.0)
Leaf 0 contents: CONTENTS_SOLID 
Leaf 1 contents: 
viscontents (node 0 contents ^ node 1 contents): CONTENTS_SOLID 
This means that none of the brushes in leaf 0 or 1 that touches the portal has CONTENTS_SOLID 
Check for a huge brush enclosing the coordinates above that has contents CONTENTS_SOLID 
Candidate brush IDs: 


FindPortalSide: Couldn't find a good match for which brush to assign to a portal near (1536.0 2048.0 -1408.0)
Leaf 0 contents: 
Leaf 1 contents: CONTENTS_SOLID 
viscontents (node 0 contents ^ node 1 contents): CONTENTS_SOLID 
This means that none of the brushes in leaf 0 or 1 that touches the portal has CONTENTS_SOLID 
Check for a huge brush enclosing the coordinates above that has contents CONTENTS_SOLID 
Candidate brush IDs: 


FindPortalSide: Couldn't find a good match for which brush to assign to a portal near (2048.0 1536.0 -1408.0)
Leaf 0 contents: 
Leaf 1 contents: CONTENTS_SOLID 
viscontents (node 0 contents ^ node 1 contents): CONTENTS_SOLID 
This means that none of the brushes in leaf 0 or 1 that touches the portal has CONTENTS_SOLID 
Check for a huge brush enclosing the coordinates above that has contents CONTENTS_SOLID 
Candidate brush IDs: 


FindPortalSide: Couldn't find a good match for which brush to assign to a portal near (512.0 1024.0 -1408.0)
Leaf 0 contents: CONTENTS_SOLID 
Leaf 1 contents: 
viscontents (node 0 contents ^ node 1 contents): CONTENTS_SOLID 
This means that none of the brushes in leaf 0 or 1 that touches the portal has CONTENTS_SOLID 
Check for a huge brush enclosing the coordinates above that has contents CONTENTS_SOLID 
Candidate brush IDs: 


FindPortalSide: Couldn't find a good match for which brush to assign to a portal near (512.0 2048.0 -1408.0)
Leaf 0 contents: 
Leaf 1 contents: CONTENTS_SOLID 
viscontents (node 0 contents ^ node 1 contents): CONTENTS_SOLID 
This means that none of the brushes in leaf 0 or 1 that touches the portal has CONTENTS_SOLID 
Check for a huge brush enclosing the coordinates above that has contents CONTENTS_SOLID 
Candidate brush IDs: 


FindPortalSide: Couldn't find a good match for which brush to assign to a portal near (-832.0 1024.0 -2952.0)
Leaf 0 contents: CONTENTS_SOLID 
Leaf 1 contents: 
viscontents (node 0 contents ^ node 1 contents): CONTENTS_SOLID 
This means that none of the brushes in leaf 0 or 1 that touches the portal has CONTENTS_SOLID 
Check for a huge brush enclosing the coordinates above that has contents CONTENTS_SOLID 
Candidate brush IDs: 

*** Suppressing further FindPortalSide errors.... ***
Processing areas...done (0)
Building Faces...done (0)
FixTjuncs...
PruneNodes...
WriteBSP...
done (0)
Creating default LDR cubemaps for env_cubemap using skybox materials:
   skybox/sky_day01_01*.vmt
 ! Run buildcubemaps in the engine to get the correct cube maps.
Creating default HDR cubemaps for env_cubemap using skybox materials:
   skybox/sky_day01_01*.vmt
 ! Run buildcubemaps in the engine to get the correct cube maps.
Finding displacement neighbors...
Finding lightmap sample positions...
Displacement Alpha : 0...1...2...3...4...5...6...7...8...9...10
Building Physics collision data...
done (0) (8137 bytes)
Placing detail props : 0...1...2...3...4...5...6...7...8...9...10
Compacting texture/material tables...
Reduced 62 texinfos to 58
Reduced 6 texdatas to 6 (127 bytes to 127)
Writing C:\mapsrc\surf_faux_rambjoe.bsp
Wrote ZIP buffer, estimated size 105913, actual size 105699
1 second elapsed



8 threads
reading c:\mapsrc\surf_faux_rambjoe.bsp
reading c:\mapsrc\surf_faux_rambjoe.prt
LoadPortals: couldn't read c:\mapsrc\surf_faux_rambjoe.prt



materialPath: C:\Program Files (x86)\Steam\steamapps\sourcemods\momentum\materials
Loading C:\mapsrc\surf_faux_rambjoe.vmf
Could not locate 'GameData' key in c:\program files (x86)\steam\steamapps\sourcemods\momentum\gameinfo.txt
fixing up env_cubemap materials on brush sides...
0...1...2...3...4...5...6...7...8...9...10**** leaked ****
Entity info_player_start (-640.00 0.00 1.00) leaked!

FindPortalSide: Couldn't find a good match for which brush to assign to a portal near (1441.1 1024.0 -276.8)
Leaf 0 contents: CONTENTS_SOLID 
Leaf 1 contents: 
viscontents (node 0 contents ^ node 1 contents): CONTENTS_SOLID 
This means that none of the brushes in leaf 0 or 1 that touches the portal has CONTENTS_SOLID 
Check for a huge brush enclosing the coordinates above that has contents CONTENTS_SOLID 
Candidate brush IDs: 


FindPortalSide: Couldn't find a good match for which brush to assign to a portal near (1536.0 1024.0 -2210.7)
Leaf 0 contents: CONTENTS_SOLID 
Leaf 1 contents: 
viscontents (node 0 contents ^ node 1 contents): CONTENTS_SOLID 
This means that none of the brushes in leaf 0 or 1 that touches the portal has CONTENTS_SOLID 
Check for a huge brush enclosing the coordinates above that has contents CONTENTS_SOLID 
Candidate brush IDs: 


FindPortalSide: Couldn't find a good match for which brush to assign to a portal near (1719.2 1024.0 257.0)
Leaf 0 contents: CONTENTS_SOLID 
Leaf 1 contents: 
viscontents (node 0 contents ^ node 1 contents): CONTENTS_SOLID 
This means that none of the brushes in leaf 0 or 1 that touches the portal has CONTENTS_SOLID 
Check for a huge brush enclosing the coordinates above that has contents CONTENTS_SOLID 
Candidate brush IDs: 


FindPortalSide: Couldn't find a good match for which brush to assign to a portal near (1536.0 2048.0 -1408.0)
Leaf 0 contents: 
Leaf 1 contents: CONTENTS_SOLID 
viscontents (node 0 contents ^ node 1 contents): CONTENTS_SOLID 
This means that none of the brushes in leaf 0 or 1 that touches the portal has CONTENTS_SOLID 
Check for a huge brush enclosing the coordinates above that has contents CONTENTS_SOLID 
Candidate brush IDs: 


FindPortalSide: Couldn't find a good match for which brush to assign to a portal near (2048.0 1536.0 -1408.0)
Leaf 0 contents: 
Leaf 1 contents: CONTENTS_SOLID 
viscontents (node 0 contents ^ node 1 contents): CONTENTS_SOLID 
This means that none of the brushes in leaf 0 or 1 that touches the portal has CONTENTS_SOLID 
Check for a huge brush enclosing the coordinates above that has contents CONTENTS_SOLID 
Candidate brush IDs: 


FindPortalSide: Couldn't find a good match for which brush to assign to a portal near (512.0 1024.0 -1408.0)
Leaf 0 contents: CONTENTS_SOLID 
Leaf 1 contents: 
viscontents (node 0 contents ^ node 1 contents): CONTENTS_SOLID 
This means that none of the brushes in leaf 0 or 1 that touches the portal has CONTENTS_SOLID 
Check for a huge brush enclosing the coordinates above that has contents CONTENTS_SOLID 
Candidate brush IDs: 


FindPortalSide: Couldn't find a good match for which brush to assign to a portal near (512.0 2048.0 -1408.0)
Leaf 0 contents: 
Leaf 1 contents: CONTENTS_SOLID 
viscontents (node 0 contents ^ node 1 contents): CONTENTS_SOLID 
This means that none of the brushes in leaf 0 or 1 that touches the portal has CONTENTS_SOLID 
Check for a huge brush enclosing the coordinates above that has contents CONTENTS_SOLID 
Candidate brush IDs: 


FindPortalSide: Couldn't find a good match for which brush to assign to a portal near (-832.0 1024.0 -2952.0)
Leaf 0 contents: CONTENTS_SOLID 
Leaf 1 contents: 
viscontents (node 0 contents ^ node 1 contents): CONTENTS_SOLID 
This means that none of the brushes in leaf 0 or 1 that touches the portal has CONTENTS_SOLID 
Check for a huge brush enclosing the coordinates above that has contents CONTENTS_SOLID 
Candidate brush IDs: 

*** Suppressing further FindPortalSide errors.... ***
Processing areas...done (0)
Building Faces...done (0)
FixTjuncs...
PruneNodes...
WriteBSP...
done (0)
Creating default LDR cubemaps for env_cubemap using skybox materials:
   skybox/sky_day01_01*.vmt
 ! Run buildcubemaps in the engine to get the correct cube maps.
Creating default HDR cubemaps for env_cubemap using skybox materials:
   skybox/sky_day01_01*.vmt
 ! Run buildcubemaps in the engine to get the correct cube maps.
Finding displacement neighbors...
Finding lightmap sample positions...
Displacement Alpha : 0...1...2...3...4...5...6...7...8...9...10
Building Physics collision data...
done (0) (8137 bytes)
Placing detail props : 0...1...2...3...4...5...6...7...8...9...10
Compacting texture/material tables...
Reduced 62 texinfos to 58
Reduced 6 texdatas to 6 (127 bytes to 127)
Writing C:\mapsrc\surf_faux_rambjoe.bsp
Wrote ZIP buffer, estimated size 105913, actual size 105699
1 second elapsed



8 threads
reading c:\mapsrc\surf_faux_rambjoe.bsp
reading c:\mapsrc\surf_faux_rambjoe.prt
LoadPortals: couldn't read c:\mapsrc\surf_faux_rambjoe.prt



materialPath: C:\Program Files (x86)\Steam\steamapps\sourcemods\momentum\materials
Loading C:\mapsrc\surf_faux_rambjoe.vmf
Could not locate 'GameData' key in c:\program files (x86)\steam\steamapps\sourcemods\momentum\gameinfo.txt
fixing up env_cubemap materials on brush sides...
0...1...2...3...4...5...6...7...8...9...10**** leaked ****
Entity info_player_start (-640.00 0.00 1.00) leaked!

FindPortalSide: Couldn't find a good match for which brush to assign to a portal near (1441.1 1024.0 -276.8)
Leaf 0 contents: CONTENTS_SOLID 
Leaf 1 contents: 
viscontents (node 0 contents ^ node 1 contents): CONTENTS_SOLID 
This means that none of the brushes in leaf 0 or 1 that touches the portal has CONTENTS_SOLID 
Check for a huge brush enclosing the coordinates above that has contents CONTENTS_SOLID 
Candidate brush IDs: 


FindPortalSide: Couldn't find a good match for which brush to assign to a portal near (1536.0 1024.0 -2210.7)
Leaf 0 contents: CONTENTS_SOLID 
Leaf 1 contents: 
viscontents (node 0 contents ^ node 1 contents): CONTENTS_SOLID 
This means that none of the brushes in leaf 0 or 1 that touches the portal has CONTENTS_SOLID 
Check for a huge brush enclosing the coordinates above that has contents CONTENTS_SOLID 
Candidate brush IDs: 


FindPortalSide: Couldn't find a good match for which brush to assign to a portal near (1719.2 1024.0 257.0)
Leaf 0 contents: CONTENTS_SOLID 
Leaf 1 contents: 
viscontents (node 0 contents ^ node 1 contents): CONTENTS_SOLID 
This means that none of the brushes in leaf 0 or 1 that touches the portal has CONTENTS_SOLID 
Check for a huge brush enclosing the coordinates above that has contents CONTENTS_SOLID 
Candidate brush IDs: 


FindPortalSide: Couldn't find a good match for which brush to assign to a portal near (1536.0 2048.0 -1408.0)
Leaf 0 contents: 
Leaf 1 contents: CONTENTS_SOLID 
viscontents (node 0 contents ^ node 1 contents): CONTENTS_SOLID 
This means that none of the brushes in leaf 0 or 1 that touches the portal has CONTENTS_SOLID 
Check for a huge brush enclosing the coordinates above that has contents CONTENTS_SOLID 
Candidate brush IDs: 


FindPortalSide: Couldn't find a good match for which brush to assign to a portal near (2048.0 1536.0 -1408.0)
Leaf 0 contents: 
Leaf 1 contents: CONTENTS_SOLID 
viscontents (node 0 contents ^ node 1 contents): CONTENTS_SOLID 
This means that none of the brushes in leaf 0 or 1 that touches the portal has CONTENTS_SOLID 
Check for a huge brush enclosing the coordinates above that has contents CONTENTS_SOLID 
Candidate brush IDs: 


FindPortalSide: Couldn't find a good match for which brush to assign to a portal near (512.0 1024.0 -1408.0)
Leaf 0 contents: CONTENTS_SOLID 
Leaf 1 contents: 
viscontents (node 0 contents ^ node 1 contents): CONTENTS_SOLID 
This means that none of the brushes in leaf 0 or 1 that touches the portal has CONTENTS_SOLID 
Check for a huge brush enclosing the coordinates above that has contents CONTENTS_SOLID 
Candidate brush IDs: 


FindPortalSide: Couldn't find a good match for which brush to assign to a portal near (512.0 2048.0 -1408.0)
Leaf 0 contents: 
Leaf 1 contents: CONTENTS_SOLID 
viscontents (node 0 contents ^ node 1 contents): CONTENTS_SOLID 
This means that none of the brushes in leaf 0 or 1 that touches the portal has CONTENTS_SOLID 
Check for a huge brush enclosing the coordinates above that has contents CONTENTS_SOLID 
Candidate brush IDs: 


FindPortalSide: Couldn't find a good match for which brush to assign to a portal near (-832.0 1024.0 -2952.0)
Leaf 0 contents: CONTENTS_SOLID 
Leaf 1 contents: 
viscontents (node 0 contents ^ node 1 contents): CONTENTS_SOLID 
This means that none of the brushes in leaf 0 or 1 that touches the portal has CONTENTS_SOLID 
Check for a huge brush enclosing the coordinates above that has contents CONTENTS_SOLID 
Candidate brush IDs: 

*** Suppressing further FindPortalSide errors.... ***
Processing areas...done (0)
Building Faces...done (0)
FixTjuncs...
PruneNodes...
WriteBSP...
done (0)
Creating default LDR cubemaps for env_cubemap using skybox materials:
   skybox/sky_day01_01*.vmt
 ! Run buildcubemaps in the engine to get the correct cube maps.
Creating default HDR cubemaps for env_cubemap using skybox materials:
   skybox/sky_day01_01*.vmt
 ! Run buildcubemaps in the engine to get the correct cube maps.
Finding displacement neighbors...
Finding lightmap sample positions...
Displacement Alpha : 0...1...2...3...4...5...6...7...8...9...10
Building Physics collision data...
done (0) (8137 bytes)
Placing detail props : 0...1...2...3...4...5...6...7...8...9...10
Compacting texture/material tables...
Reduced 62 texinfos to 58
Reduced 6 texdatas to 6 (127 bytes to 127)
Writing C:\mapsrc\surf_faux_rambjoe.bsp
Wrote ZIP buffer, estimated size 105913, actual size 105699
0 seconds elapsed



8 threads
reading c:\mapsrc\surf_faux_rambjoe.bsp
reading c:\mapsrc\surf_faux_rambjoe.prt
LoadPortals: couldn't read c:\mapsrc\surf_faux_rambjoe.prt



materialPath: C:\Program Files (x86)\Steam\steamapps\sourcemods\momentum\materials
Loading C:\mapsrc\surf_faux_rambjoe.vmf
Could not locate 'GameData' key in c:\program files (x86)\steam\steamapps\sourcemods\momentum\gameinfo.txt
fixing up env_cubemap materials on brush sides...
0...1...2...3...4...5...6...7...8...9...100...1...2...3...4...5...6...7...8...9...10Processing areas...done (0)
Building Faces...done (0)
FixTjuncs...
PruneNodes...
WriteBSP...
done (0)
writing C:\mapsrc\surf_faux_rambjoe.prt...Building visibility clusters...
done (0)
Creating default LDR cubemaps for env_cubemap using skybox materials:
   skybox/sky_day01_01*.vmt
 ! Run buildcubemaps in the engine to get the correct cube maps.
Creating default HDR cubemaps for env_cubemap using skybox materials:
   skybox/sky_day01_01*.vmt
 ! Run buildcubemaps in the engine to get the correct cube maps.
Finding displacement neighbors...
Finding lightmap sample positions...
Displacement Alpha : 0...1...2...3...4...5...6...7...8...9...10
Building Physics collision data...
done (0) (10254 bytes)
Placing detail props : 0...1...2...3...4...5...6...7...8...9...10
Compacting texture/material tables...
Reduced 65 texinfos to 59
Reduced 7 texdatas to 7 (145 bytes to 145)
Writing C:\mapsrc\surf_faux_rambjoe.bsp
Wrote ZIP buffer, estimated size 105913, actual size 105699
0 seconds elapsed



8 threads
reading c:\mapsrc\surf_faux_rambjoe.bsp
reading c:\mapsrc\surf_faux_rambjoe.prt
 326 portalclusters
 898 numportals
0...1...2...3...4...5...6...7...8...9...10Optimized: 55 visible clusters (0.05%)
Total clusters visible: 105448
Average clusters visible: 323
Building PAS...
Average clusters audible: 326
visdatasize:29339  compressed from 31296
writing c:\mapsrc\surf_faux_rambjoe.bsp
0 seconds elapsed



materialPath: C:\Program Files (x86)\Steam\steamapps\sourcemods\momentum\materials
Loading C:\mapsrc\surf_faux_rambjoe.vmf
Could not locate 'GameData' key in c:\program files (x86)\steam\steamapps\sourcemods\momentum\gameinfo.txt
fixing up env_cubemap materials on brush sides...
0...1...2...3...4...5...6...7...8...9...100...1...2...3...4...5...6...7...8...9...10Processing areas...done (0)
Building Faces...done (0)
FixTjuncs...
PruneNodes...
WriteBSP...
done (0)
writing C:\mapsrc\surf_faux_rambjoe.prt...Building visibility clusters...
done (0)
Creating default LDR cubemaps for env_cubemap using skybox materials:
   skybox/sky_day01_01*.vmt
 ! Run buildcubemaps in the engine to get the correct cube maps.
Creating default HDR cubemaps for env_cubemap using skybox materials:
   skybox/sky_day01_01*.vmt
 ! Run buildcubemaps in the engine to get the correct cube maps.
Finding displacement neighbors...
Finding lightmap sample positions...
Displacement Alpha : 0...1...2...3...4...5...6...7...8...9...10
Building Physics collision data...
done (0) (10254 bytes)
Placing detail props : 0...1...2...3...4...5...6...7...8...9...10
Compacting texture/material tables...
Reduced 65 texinfos to 59
Reduced 7 texdatas to 7 (145 bytes to 145)
Writing C:\mapsrc\surf_faux_rambjoe.bsp
Wrote ZIP buffer, estimated size 105913, actual size 105699
0 seconds elapsed



8 threads
reading c:\mapsrc\surf_faux_rambjoe.bsp
reading c:\mapsrc\surf_faux_rambjoe.prt
 328 portalclusters
 904 numportals
0...1...2...3...4...5...6...7...8...9...10Optimized: 55 visible clusters (0.05%)
Total clusters visible: 106756
Average clusters visible: 325
Building PAS...
Average clusters audible: 328
visdatasize:29515  compressed from 31488
writing c:\mapsrc\surf_faux_rambjoe.bsp
0 seconds elapsed



materialPath: C:\Program Files (x86)\Steam\steamapps\sourcemods\momentum\materials
Loading C:\mapsrc\surf_faux_rambjoe.vmf
Could not locate 'GameData' key in c:\program files (x86)\steam\steamapps\sourcemods\momentum\gameinfo.txt
fixing up env_cubemap materials on brush sides...
0...1...2...3...4...5...6...7...8...9...100...1...2...3...4...5...6...7...8...9...10Processing areas...done (0)
Building Faces...done (0)
FixTjuncs...
PruneNodes...
WriteBSP...
done (0)
writing C:\mapsrc\surf_faux_rambjoe.prt...Building visibility clusters...
done (0)
Creating default LDR cubemaps for env_cubemap using skybox materials:
   skybox/sky_day01_01*.vmt
 ! Run buildcubemaps in the engine to get the correct cube maps.
Creating default HDR cubemaps for env_cubemap using skybox materials:
   skybox/sky_day01_01*.vmt
 ! Run buildcubemaps in the engine to get the correct cube maps.
Finding displacement neighbors...
Finding lightmap sample positions...
Displacement Alpha : 0...1...2...3...4...5...6...7...8...9...10
Building Physics collision data...
done (0) (10254 bytes)
Placing detail props : 0...1...2...3...4...5...6...7...8...9...10
Compacting texture/material tables...
Reduced 65 texinfos to 59
Reduced 7 texdatas to 7 (145 bytes to 145)
Writing C:\mapsrc\surf_faux_rambjoe.bsp
Wrote ZIP buffer, estimated size 105913, actual size 105699
0 seconds elapsed



8 threads
reading c:\mapsrc\surf_faux_rambjoe.bsp
reading c:\mapsrc\surf_faux_rambjoe.prt
 326 portalclusters
 899 numportals
0...1...2...3...4...5...6...7...8...9...10Optimized: 55 visible clusters (0.05%)
Total clusters visible: 105432
Average clusters visible: 323
Building PAS...
Average clusters audible: 326
visdatasize:29339  compressed from 31296
writing c:\mapsrc\surf_faux_rambjoe.bsp
0 seconds elapsed



materialPath: C:\Program Files (x86)\Steam\steamapps\sourcemods\momentum\materials
Loading C:\mapsrc\surf_faux_rambjoe.vmf
Could not locate 'GameData' key in c:\program files (x86)\steam\steamapps\sourcemods\momentum\gameinfo.txt
fixing up env_cubemap materials on brush sides...
0...1...2...3...4...5...6...7...8...9...100...1...2...3...4...5...6...7...8...9...10Processing areas...done (0)
Building Faces...done (0)
FixTjuncs...
PruneNodes...
WriteBSP...
done (0)
writing C:\mapsrc\surf_faux_rambjoe.prt...Building visibility clusters...
done (0)
Creating default LDR cubemaps for env_cubemap using skybox materials:
   skybox/sky_day01_01*.vmt
 ! Run buildcubemaps in the engine to get the correct cube maps.
Creating default HDR cubemaps for env_cubemap using skybox materials:
   skybox/sky_day01_01*.vmt
 ! Run buildcubemaps in the engine to get the correct cube maps.
Finding displacement neighbors...
Finding lightmap sample positions...
Displacement Alpha : 0...1...2...3...4...5...6...7...8...9...10
Building Physics collision data...
done (0) (10550 bytes)
Placing detail props : 0...1...2...3...4...5...6...7...8...9...10
Compacting texture/material tables...
Reduced 68 texinfos to 62
Reduced 7 texdatas to 7 (145 bytes to 145)
Writing C:\mapsrc\surf_faux_rambjoe.bsp
Wrote ZIP buffer, estimated size 105913, actual size 105699
0 seconds elapsed



8 threads
reading c:\mapsrc\surf_faux_rambjoe.bsp
reading c:\mapsrc\surf_faux_rambjoe.prt
 344 portalclusters
 958 numportals
0...1...2...3...4...5...6...7...8...9...10Optimized: 55 visible clusters (0.05%)
Total clusters visible: 117492
Average clusters visible: 341
Building PAS...
Average clusters audible: 344
visdatasize:32331  compressed from 33024
writing c:\mapsrc\surf_faux_rambjoe.bsp
0 seconds elapsed



materialPath: C:\Program Files (x86)\Steam\steamapps\sourcemods\momentum\materials
Loading C:\mapsrc\surf_faux_rambjoe.vmf
Could not locate 'GameData' key in c:\program files (x86)\steam\steamapps\sourcemods\momentum\gameinfo.txt
fixing up env_cubemap materials on brush sides...
0...1...2...3...4...5...6...7...8...9...100...1...2...3...4...5...6...7...8...9...10Processing areas...done (0)
Building Faces...done (0)
FixTjuncs...
PruneNodes...
WriteBSP...
done (0)
writing C:\mapsrc\surf_faux_rambjoe.prt...Building visibility clusters...
done (0)
Creating default LDR cubemaps for env_cubemap using skybox materials:
   skybox/sky_day01_01*.vmt
 ! Run buildcubemaps in the engine to get the correct cube maps.
Creating default HDR cubemaps for env_cubemap using skybox materials:
   skybox/sky_day01_01*.vmt
 ! Run buildcubemaps in the engine to get the correct cube maps.
Finding displacement neighbors...
Finding lightmap sample positions...
Displacement Alpha : 0...1...2...3...4...5...6...7...8...9...10
Building Physics collision data...
done (0) (10550 bytes)
Placing detail props : 0...1...2...3...4...5...6...7...8...9...10
Compacting texture/material tables...
Reduced 68 texinfos to 62
Reduced 7 texdatas to 7 (145 bytes to 145)
Writing C:\mapsrc\surf_faux_rambjoe.bsp
Wrote ZIP buffer, estimated size 105913, actual size 105699
0 seconds elapsed



8 threads
reading c:\mapsrc\surf_faux_rambjoe.bsp
reading c:\mapsrc\surf_faux_rambjoe.prt
 344 portalclusters
 952 numportals
0...1...2...3...4...5...6...7...8...9...10Optimized: 85 visible clusters (0.07%)
Total clusters visible: 117378
Average clusters visible: 341
Building PAS...
Average clusters audible: 344
visdatasize:32331  compressed from 33024
writing c:\mapsrc\surf_faux_rambjoe.bsp
0 seconds elapsed



materialPath: C:\Program Files (x86)\Steam\steamapps\sourcemods\momentum\materials
Loading C:\mapsrc\surf_faux_rambjoe.vmf
Could not locate 'GameData' key in c:\program files (x86)\steam\steamapps\sourcemods\momentum\gameinfo.txt
fixing up env_cubemap materials on brush sides...
0...1...2...3...4...5...6...7...8...9...100...1...2...3...4...5...6...7...8...9...10Processing areas...done (0)
Building Faces...done (0)
FixTjuncs...
PruneNodes...
WriteBSP...
done (0)
writing C:\mapsrc\surf_faux_rambjoe.prt...Building visibility clusters...
done (0)
Creating default LDR cubemaps for env_cubemap using skybox materials:
   skybox/sky_day01_01*.vmt
 ! Run buildcubemaps in the engine to get the correct cube maps.
Creating default HDR cubemaps for env_cubemap using skybox materials:
   skybox/sky_day01_01*.vmt
 ! Run buildcubemaps in the engine to get the correct cube maps.
Finding displacement neighbors...
Finding lightmap sample positions...
Displacement Alpha : 0...1...2...3...4...5...6...7...8...9...10
Building Physics collision data...
done (0) (11766 bytes)
Placing detail props : 0...1...2...3...4...5...6...7...8...9...10
Compacting texture/material tables...
Reduced 74 texinfos to 66
Reduced 7 texdatas to 7 (145 bytes to 145)
Writing C:\mapsrc\surf_faux_rambjoe.bsp
Wrote ZIP buffer, estimated size 105913, actual size 105699
0 seconds elapsed



8 threads
reading c:\mapsrc\surf_faux_rambjoe.bsp
reading c:\mapsrc\surf_faux_rambjoe.prt
 334 portalclusters
 926 numportals
0...1...2...3...4...5...6...7...8...9...10Optimized: 55 visible clusters (0.05%)
Total clusters visible: 110640
Average clusters visible: 331
Building PAS...
Average clusters audible: 334
visdatasize:30725  compressed from 32064
writing c:\mapsrc\surf_faux_rambjoe.bsp
0 seconds elapsed



materialPath: C:\Program Files (x86)\Steam\steamapps\sourcemods\momentum\materials
Loading C:\mapsrc\surf_faux_rambjoe.vmf
Could not locate 'GameData' key in c:\program files (x86)\steam\steamapps\sourcemods\momentum\gameinfo.txt
fixing up env_cubemap materials on brush sides...
0...1...2...3...4...5...6...7...8...9...100...1...2...3...4...5...6...7...8...9...10Processing areas...done (0)
Building Faces...done (0)
FixTjuncs...
PruneNodes...
WriteBSP...
done (0)
writing C:\mapsrc\surf_faux_rambjoe.prt...Building visibility clusters...
done (0)
Creating default LDR cubemaps for env_cubemap using skybox materials:
   skybox/sky_day01_01*.vmt
 ! Run buildcubemaps in the engine to get the correct cube maps.
Creating default HDR cubemaps for env_cubemap using skybox materials:
   skybox/sky_day01_01*.vmt
 ! Run buildcubemaps in the engine to get the correct cube maps.
Finding displacement neighbors...
Finding lightmap sample positions...
Displacement Alpha : 0...1...2...3...4...5...6...7...8...9...10
Building Physics collision data...
done (0) (12694 bytes)
Placing detail props : 0...1...2...3...4...5...6...7...8...9...10
Compacting texture/material tables...
Reduced 86 texinfos to 78
Reduced 7 texdatas to 7 (145 bytes to 145)
Writing C:\mapsrc\surf_faux_rambjoe.bsp
Wrote ZIP buffer, estimated size 105913, actual size 105699
0 seconds elapsed



8 threads
reading c:\mapsrc\surf_faux_rambjoe.bsp
reading c:\mapsrc\surf_faux_rambjoe.prt
 372 portalclusters
1057 numportals
0...1...2...3...4...5...6...7...8...9...10Optimized: 55 visible clusters (0.04%)
Total clusters visible: 137426
Average clusters visible: 369
Building PAS...
Average clusters audible: 372
visdatasize:37943  compressed from 35712
writing c:\mapsrc\surf_faux_rambjoe.bsp
0 seconds elapsed



materialPath: C:\Program Files (x86)\Steam\steamapps\sourcemods\momentum\materials
Loading C:\mapsrc\surf_faux_rambjoe.vmf
Could not locate 'GameData' key in c:\program files (x86)\steam\steamapps\sourcemods\momentum\gameinfo.txt
fixing up env_cubemap materials on brush sides...
0...1...2...3...4...5...6...7...8...9...100...1...2...3...4...5...6...7...8...9...10Processing areas...done (0)
Building Faces...done (0)
FixTjuncs...
PruneNodes...
WriteBSP...
done (0)
writing C:\mapsrc\surf_faux_rambjoe.prt...Building visibility clusters...
done (0)
Creating default LDR cubemaps for env_cubemap using skybox materials:
   skybox/sky_day01_01*.vmt
 ! Run buildcubemaps in the engine to get the correct cube maps.
Creating default HDR cubemaps for env_cubemap using skybox materials:
   skybox/sky_day01_01*.vmt
 ! Run buildcubemaps in the engine to get the correct cube maps.
Finding displacement neighbors...
Finding lightmap sample positions...
Displacement Alpha : 0...1...2...3...4...5...6...7...8...9...10
Building Physics collision data...
done (0) (13478 bytes)
Placing detail props : 0...1...2...3...4...5...6...7...8...9...10
Compacting texture/material tables...
Reduced 92 texinfos to 83
Reduced 7 texdatas to 7 (145 bytes to 145)
Writing C:\mapsrc\surf_faux_rambjoe.bsp
Wrote ZIP buffer, estimated size 105913, actual size 105699
0 seconds elapsed



8 threads
reading c:\mapsrc\surf_faux_rambjoe.bsp
reading c:\mapsrc\surf_faux_rambjoe.prt
 401 portalclusters
1145 numportals
0...1...2...3...4...5...6...7...8...9...10Optimized: 133 visible clusters (0.08%)
Total clusters visible: 158443
Average clusters visible: 395
Building PAS...
Average clusters audible: 401
visdatasize:44084  compressed from 44912
writing c:\mapsrc\surf_faux_rambjoe.bsp
0 seconds elapsed



materialPath: C:\Program Files (x86)\Steam\steamapps\sourcemods\momentum\materials
Loading C:\mapsrc\surf_faux_rambjoe.vmf
Could not locate 'GameData' key in c:\program files (x86)\steam\steamapps\sourcemods\momentum\gameinfo.txt
fixing up env_cubemap materials on brush sides...
0...1...2...3...4...5...6...7...8...9...100...1...2...3...4...5...6...7...8...9...10Processing areas...done (0)
Building Faces...done (0)
FixTjuncs...
PruneNodes...
WriteBSP...
done (0)
writing C:\mapsrc\surf_faux_rambjoe.prt...Building visibility clusters...
done (0)
Creating default LDR cubemaps for env_cubemap using skybox materials:
   skybox/sky_day01_01*.vmt
 ! Run buildcubemaps in the engine to get the correct cube maps.
Creating default HDR cubemaps for env_cubemap using skybox materials:
   skybox/sky_day01_01*.vmt
 ! Run buildcubemaps in the engine to get the correct cube maps.
Finding displacement neighbors...
Finding lightmap sample positions...
Displacement Alpha : 0...1...2...3...4...5...6...7...8...9...10
Building Physics collision data...
done (0) (16094 bytes)
Placing detail props : 0...1...2...3...4...5...6...7...8...9...10
Compacting texture/material tables...
Reduced 94 texinfos to 86
Reduced 7 texdatas to 7 (145 bytes to 145)
Writing C:\mapsrc\surf_faux_rambjoe.bsp
Wrote ZIP buffer, estimated size 105913, actual size 105699
0 seconds elapsed



8 threads
reading c:\mapsrc\surf_faux_rambjoe.bsp
reading c:\mapsrc\surf_faux_rambjoe.prt
 427 portalclusters
1240 numportals
0...1...2...3...4...5...6...7...8...9...10Optimized: 172 visible clusters (0.10%)
Total clusters visible: 179816
Average clusters visible: 421
Building PAS...
Average clusters audible: 427
visdatasize:49495  compressed from 47824
writing c:\mapsrc\surf_faux_rambjoe.bsp
0 seconds elapsed



materialPath: C:\Program Files (x86)\Steam\steamapps\sourcemods\momentum\materials
Loading C:\mapsrc\surf_faux_rambjoe.vmf
Could not locate 'GameData' key in c:\program files (x86)\steam\steamapps\sourcemods\momentum\gameinfo.txt
fixing up env_cubemap materials on brush sides...
0...1...2...3...4...5...6...7...8...9...100...1...2...3...4...5...6...7...8...9...10Processing areas...done (0)
Building Faces...done (0)
FixTjuncs...
PruneNodes...
WriteBSP...
done (0)
writing C:\mapsrc\surf_faux_rambjoe.prt...Building visibility clusters...
done (0)
Creating default LDR cubemaps for env_cubemap using skybox materials:
   skybox/sky_day01_01*.vmt
 ! Run buildcubemaps in the engine to get the correct cube maps.
Creating default HDR cubemaps for env_cubemap using skybox materials:
   skybox/sky_day01_01*.vmt
 ! Run buildcubemaps in the engine to get the correct cube maps.
Finding displacement neighbors...
Finding lightmap sample positions...
Displacement Alpha : 0...1...2...3...4...5...6...7...8...9...10
Building Physics collision data...
done (0) (14590 bytes)
Placing detail props : 0...1...2...3...4...5...6...7...8...9...10
Compacting texture/material tables...
Reduced 91 texinfos to 83
Reduced 7 texdatas to 7 (145 bytes to 145)
Writing C:\mapsrc\surf_faux_rambjoe.bsp
Wrote ZIP buffer, estimated size 105913, actual size 105699
0 seconds elapsed



8 threads
reading c:\mapsrc\surf_faux_rambjoe.bsp
reading c:\mapsrc\surf_faux_rambjoe.prt
 421 portalclusters
1218 numportals
0...1...2...3...4...5...6...7...8...9...10Optimized: 150 visible clusters (0.09%)
Total clusters visible: 175036
Average clusters visible: 415
Building PAS...
Average clusters audible: 421
visdatasize:47962  compressed from 47152
writing c:\mapsrc\surf_faux_rambjoe.bsp
0 seconds elapsed



materialPath: C:\Program Files (x86)\Steam\steamapps\sourcemods\momentum\materials
Loading C:\mapsrc\surf_faux_rambjoe.vmf
Could not locate 'GameData' key in c:\program files (x86)\steam\steamapps\sourcemods\momentum\gameinfo.txt
fixing up env_cubemap materials on brush sides...
0...1...2...3...4...5...6...7...8...9...10WARNING: node without a volume
0...1...2...3...4...5...6...7...8...9...10WARNING: node without a volume
Processing areas...done (0)
Building Faces...done (0)
FixTjuncs...
PruneNodes...
WriteBSP...
done (0)
writing C:\mapsrc\surf_faux_rambjoe.prt...Building visibility clusters...
done (0)
Creating default LDR cubemaps for env_cubemap using skybox materials:
   skybox/sky_day01_01*.vmt
 ! Run buildcubemaps in the engine to get the correct cube maps.
Creating default HDR cubemaps for env_cubemap using skybox materials:
   skybox/sky_day01_01*.vmt
 ! Run buildcubemaps in the engine to get the correct cube maps.
Finding displacement neighbors...
Finding lightmap sample positions...
Displacement Alpha : 0...1...2...3...4...5...6...7...8...9...10
Building Physics collision data...
done (0) (14542 bytes)
Placing detail props : 0...1...2...3...4...5...6...7...8...9...10
Compacting texture/material tables...
Reduced 91 texinfos to 83
Reduced 7 texdatas to 7 (145 bytes to 145)
Writing C:\mapsrc\surf_faux_rambjoe.bsp
Wrote ZIP buffer, estimated size 105913, actual size 105699
0 seconds elapsed



8 threads
reading c:\mapsrc\surf_faux_rambjoe.bsp
reading c:\mapsrc\surf_faux_rambjoe.prt
 444 portalclusters
1301 numportals
0...1...2...3...4...5...6...7...8...9...10Optimized: 132 visible clusters (0.07%)
Total clusters visible: 194889
Average clusters visible: 438
Building PAS...
Average clusters audible: 444
visdatasize:53246  compressed from 49728
writing c:\mapsrc\surf_faux_rambjoe.bsp
0 seconds elapsed



materialPath: C:\Program Files (x86)\Steam\steamapps\sourcemods\momentum\materials
Loading C:\mapsrc\surf_faux_rambjoe.vmf
Could not locate 'GameData' key in c:\program files (x86)\steam\steamapps\sourcemods\momentum\gameinfo.txt
fixing up env_cubemap materials on brush sides...
0...1...2...3...4...5...6...7...8...9...10WARNING: node without a volume
**** leaked ****
Entity info_player_start (-640.00 0.00 1.00) leaked!

FindPortalSide: Couldn't find a good match for which brush to assign to a portal near (2048.0 5632.0 -1904.0)
Leaf 0 contents: 
Leaf 1 contents: CONTENTS_SOLID 
viscontents (node 0 contents ^ node 1 contents): CONTENTS_SOLID 
This means that none of the brushes in leaf 0 or 1 that touches the portal has CONTENTS_SOLID 
Check for a huge brush enclosing the coordinates above that has contents CONTENTS_SOLID 
Candidate brush IDs: 


FindPortalSide: Couldn't find a good match for which brush to assign to a portal near (1536.0 6144.0 -1904.0)
Leaf 0 contents: 
Leaf 1 contents: CONTENTS_SOLID 
viscontents (node 0 contents ^ node 1 contents): CONTENTS_SOLID 
This means that none of the brushes in leaf 0 or 1 that touches the portal has CONTENTS_SOLID 
Check for a huge brush enclosing the coordinates above that has contents CONTENTS_SOLID 
Candidate brush IDs: 


FindPortalSide: Couldn't find a good match for which brush to assign to a portal near (512.0 6144.0 -1904.0)
Leaf 0 contents: 
Leaf 1 contents: CONTENTS_SOLID 
viscontents (node 0 contents ^ node 1 contents): CONTENTS_SOLID 
This means that none of the brushes in leaf 0 or 1 that touches the portal has CONTENTS_SOLID 
Check for a huge brush enclosing the coordinates above that has contents CONTENTS_SOLID 
Candidate brush IDs: 


FindPortalSide: Couldn't find a good match for which brush to assign to a portal near (2048.0 4608.0 -1904.0)
Leaf 0 contents: 
Leaf 1 contents: CONTENTS_SOLID 
viscontents (node 0 contents ^ node 1 contents): CONTENTS_SOLID 
This means that none of the brushes in leaf 0 or 1 that touches the portal has CONTENTS_SOLID 
Check for a huge brush enclosing the coordinates above that has contents CONTENTS_SOLID 
Candidate brush IDs: 


FindPortalSide: Couldn't find a good match for which brush to assign to a portal near (2048.0 3584.0 -1904.0)
Leaf 0 contents: 
Leaf 1 contents: CONTENTS_SOLID 
viscontents (node 0 contents ^ node 1 contents): CONTENTS_SOLID 
This means that none of the brushes in leaf 0 or 1 that touches the portal has CONTENTS_SOLID 
Check for a huge brush enclosing the coordinates above that has contents CONTENTS_SOLID 
Candidate brush IDs: 


FindPortalSide: Couldn't find a good match for which brush to assign to a portal near (2048.0 2560.0 -1904.0)
Leaf 0 contents: 
Leaf 1 contents: CONTENTS_SOLID 
viscontents (node 0 contents ^ node 1 contents): CONTENTS_SOLID 
This means that none of the brushes in leaf 0 or 1 that touches the portal has CONTENTS_SOLID 
Check for a huge brush enclosing the coordinates above that has contents CONTENTS_SOLID 
Candidate brush IDs: 


FindPortalSide: Couldn't find a good match for which brush to assign to a portal near (-512.0 6144.0 -1904.0)
Leaf 0 contents: 
Leaf 1 contents: CONTENTS_SOLID 
viscontents (node 0 contents ^ node 1 contents): CONTENTS_SOLID 
This means that none of the brushes in leaf 0 or 1 that touches the portal has CONTENTS_SOLID 
Check for a huge brush enclosing the coordinates above that has contents CONTENTS_SOLID 
Candidate brush IDs: 


FindPortalSide: Couldn't find a good match for which brush to assign to a portal near (-1536.0 6144.0 -1904.0)
Leaf 0 contents: 
Leaf 1 contents: CONTENTS_SOLID 
viscontents (node 0 contents ^ node 1 contents): CONTENTS_SOLID 
This means that none of the brushes in leaf 0 or 1 that touches the portal has CONTENTS_SOLID 
Check for a huge brush enclosing the coordinates above that has contents CONTENTS_SOLID 
Candidate brush IDs: 

*** Suppressing further FindPortalSide errors.... ***
Processing areas...done (0)
Building Faces...done (0)
FixTjuncs...
PruneNodes...
WriteBSP...
done (0)
Creating default LDR cubemaps for env_cubemap using skybox materials:
   skybox/sky_day01_01*.vmt
 ! Run buildcubemaps in the engine to get the correct cube maps.
Creating default HDR cubemaps for env_cubemap using skybox materials:
   skybox/sky_day01_01*.vmt
 ! Run buildcubemaps in the engine to get the correct cube maps.
Finding displacement neighbors...
Finding lightmap sample positions...
Displacement Alpha : 0...1...2...3...4...5...6...7...8...9...10
Building Physics collision data...
done (0) (13401 bytes)
Placing detail props : 0...1...2...3...4...5...6...7...8...9...10
Compacting texture/material tables...
Reduced 98 texinfos to 89
Reduced 6 texdatas to 6 (127 bytes to 127)
Writing C:\mapsrc\surf_faux_rambjoe.bsp
Wrote ZIP buffer, estimated size 105913, actual size 105699
1 second elapsed



8 threads
reading c:\mapsrc\surf_faux_rambjoe.bsp
reading c:\mapsrc\surf_faux_rambjoe.prt
LoadPortals: couldn't read c:\mapsrc\surf_faux_rambjoe.prt



materialPath: C:\Program Files (x86)\Steam\steamapps\sourcemods\momentum\materials
Loading C:\mapsrc\surf_faux_rambjoe.vmf
Could not locate 'GameData' key in c:\program files (x86)\steam\steamapps\sourcemods\momentum\gameinfo.txt
fixing up env_cubemap materials on brush sides...
0...1...2...3...4...5...6...7...8...9...10WARNING: node without a volume
0...1...2...3...4...5...6...7...8...9...10WARNING: node without a volume
Processing areas...done (0)
Building Faces...done (0)
FixTjuncs...
PruneNodes...
WriteBSP...
done (0)
writing C:\mapsrc\surf_faux_rambjoe.prt...Building visibility clusters...
done (0)
Creating default LDR cubemaps for env_cubemap using skybox materials:
   skybox/sky_day01_01*.vmt
 ! Run buildcubemaps in the engine to get the correct cube maps.
Creating default HDR cubemaps for env_cubemap using skybox materials:
   skybox/sky_day01_01*.vmt
 ! Run buildcubemaps in the engine to get the correct cube maps.
Finding displacement neighbors...
Finding lightmap sample positions...
Displacement Alpha : 0...1...2...3...4...5...6...7...8...9...10
Building Physics collision data...
done (0) (15030 bytes)
Placing detail props : 0...1...2...3...4...5...6...7...8...9...10
Compacting texture/material tables...
Reduced 96 texinfos to 88
Reduced 7 texdatas to 7 (145 bytes to 145)
Writing C:\mapsrc\surf_faux_rambjoe.bsp
Wrote ZIP buffer, estimated size 105913, actual size 105699
0 seconds elapsed



8 threads
reading c:\mapsrc\surf_faux_rambjoe.bsp
reading c:\mapsrc\surf_faux_rambjoe.prt
 452 portalclusters
1327 numportals
0...1...2...3...4...5...6...7...8...9...10Optimized: 148 visible clusters (0.07%)
Total clusters visible: 201971
Average clusters visible: 446
Building PAS...
Average clusters audible: 452
visdatasize:55112  compressed from 57856
writing c:\mapsrc\surf_faux_rambjoe.bsp
0 seconds elapsed



materialPath: C:\Program Files (x86)\Steam\steamapps\sourcemods\momentum\materials
Loading C:\mapsrc\surf_faux_rambjoe.vmf
Could not locate 'GameData' key in c:\program files (x86)\steam\steamapps\sourcemods\momentum\gameinfo.txt
fixing up env_cubemap materials on brush sides...
0...1...2...3...4...5...6...7...8...9...100...1...2...3...4...5...6...7...8...9...10Processing areas...done (0)
Building Faces...done (0)
FixTjuncs...
PruneNodes...
WriteBSP...
done (0)
writing C:\mapsrc\surf_faux_rambjoe.prt...Building visibility clusters...
done (0)
Creating default LDR cubemaps for env_cubemap using skybox materials:
   skybox/sky_day01_01*.vmt
 ! Run buildcubemaps in the engine to get the correct cube maps.
Creating default HDR cubemaps for env_cubemap using skybox materials:
   skybox/sky_day01_01*.vmt
 ! Run buildcubemaps in the engine to get the correct cube maps.
Finding displacement neighbors...
Finding lightmap sample positions...
Displacement Alpha : 0...1...2...3...4...5...6...7...8...9...10
Building Physics collision data...
done (0) (15046 bytes)
Placing detail props : 0...1...2...3...4...5...6...7...8...9...10
Compacting texture/material tables...
Reduced 104 texinfos to 93
Reduced 7 texdatas to 7 (145 bytes to 145)
Writing C:\mapsrc\surf_faux_rambjoe.bsp
Wrote ZIP buffer, estimated size 105913, actual size 105699
0 seconds elapsed



8 threads
reading c:\mapsrc\surf_faux_rambjoe.bsp
reading c:\mapsrc\surf_faux_rambjoe.prt
 438 portalclusters
1273 numportals
0...1...2...3...4...5...6...7...8...9...10Optimized: 562 visible clusters (0.30%)
Total clusters visible: 189465
Average clusters visible: 432
Building PAS...
Average clusters audible: 438
visdatasize:51690  compressed from 49056
writing c:\mapsrc\surf_faux_rambjoe.bsp
0 seconds elapsed



materialPath: C:\Program Files (x86)\Steam\steamapps\sourcemods\momentum\materials
Loading C:\mapsrc\surf_faux_rambjoe.vmf
Could not locate 'GameData' key in c:\program files (x86)\steam\steamapps\sourcemods\momentum\gameinfo.txt
fixing up env_cubemap materials on brush sides...
0...1...2...3...4...5...6...7...8...9...100...1...2...3...4...5...6...7...8...9...10Processing areas...done (0)
Building Faces...done (0)
FixTjuncs...
PruneNodes...
WriteBSP...
done (0)
writing C:\mapsrc\surf_faux_rambjoe.prt...Building visibility clusters...
done (0)
Creating default LDR cubemaps for env_cubemap using skybox materials:
   skybox/sky_day01_01*.vmt
 ! Run buildcubemaps in the engine to get the correct cube maps.
Creating default HDR cubemaps for env_cubemap using skybox materials:
   skybox/sky_day01_01*.vmt
 ! Run buildcubemaps in the engine to get the correct cube maps.
Finding displacement neighbors...
Finding lightmap sample positions...
Displacement Alpha : 0...1...2...3...4...5...6...7...8...9...10
Building Physics collision data...
done (0) (15062 bytes)
Placing detail props : 0...1...2...3...4...5...6...7...8...9...10
Compacting texture/material tables...
Reduced 104 texinfos to 93
Reduced 7 texdatas to 7 (145 bytes to 145)
Writing C:\mapsrc\surf_faux_rambjoe.bsp
Wrote ZIP buffer, estimated size 105913, actual size 105699
0 seconds elapsed



8 threads
reading c:\mapsrc\surf_faux_rambjoe.bsp
reading c:\mapsrc\surf_faux_rambjoe.prt
 438 portalclusters
1273 numportals
0...1...2...3...4...5...6...7...8...9...10Optimized: 441 visible clusters (0.23%)
Total clusters visible: 189968
Average clusters visible: 433
Building PAS...
Average clusters audible: 438
visdatasize:51689  compressed from 49056
writing c:\mapsrc\surf_faux_rambjoe.bsp
0 seconds elapsed



materialPath: C:\Program Files (x86)\Steam\steamapps\sourcemods\momentum\materials
Loading C:\mapsrc\surf_faux_rambjoe.vmf
Could not locate 'GameData' key in c:\program files (x86)\steam\steamapps\sourcemods\momentum\gameinfo.txt
fixing up env_cubemap materials on brush sides...
0...1...2...3...4...5...6...7...8...9...100...1...2...3...4...5...6...7...8...9...10Processing areas...done (0)
Building Faces...done (0)
FixTjuncs...
PruneNodes...
WriteBSP...
done (0)
writing C:\mapsrc\surf_faux_rambjoe.prt...Building visibility clusters...
done (0)
Creating default LDR cubemaps for env_cubemap using skybox materials:
   skybox/sky_day01_01*.vmt
 ! Run buildcubemaps in the engine to get the correct cube maps.
Creating default HDR cubemaps for env_cubemap using skybox materials:
   skybox/sky_day01_01*.vmt
 ! Run buildcubemaps in the engine to get the correct cube maps.
Finding displacement neighbors...
Finding lightmap sample positions...
Displacement Alpha : 0...1...2...3...4...5...6...7...8...9...10
Building Physics collision data...
done (0) (26564 bytes)
Placing detail props : 0...1...2...3...4...5...6...7...8...9...10
Compacting texture/material tables...
Reduced 168 texinfos to 144
Reduced 12 texdatas to 11 (285 bytes to 228)
Writing C:\mapsrc\surf_faux_rambjoe.bsp
Wrote ZIP buffer, estimated size 212282, actual size 211666
0 seconds elapsed



8 threads
reading c:\mapsrc\surf_faux_rambjoe.bsp
reading c:\mapsrc\surf_faux_rambjoe.prt
 746 portalclusters
2157 numportals
0...1...2...3...4...5...6...7...8...9...10Optimized: 17165 visible clusters (4.99%)
Total clusters visible: 343864
Average clusters visible: 460
Building PAS...
Average clusters audible: 738
visdatasize:145200  compressed from 143232
writing c:\mapsrc\surf_faux_rambjoe.bsp
0 seconds elapsed



materialPath: C:\Program Files (x86)\Steam\steamapps\sourcemods\momentum\materials
Loading C:\mapsrc\surf_faux_rambjoe.vmf
Could not locate 'GameData' key in c:\program files (x86)\steam\steamapps\sourcemods\momentum\gameinfo.txt
fixing up env_cubemap materials on brush sides...
0...1...2...3...4...5...6...7...8...9...10**** leaked ****
Entity info_player_start (-640.00 0.00 1.00) leaked!

FindPortalSide: Couldn't find a good match for which brush to assign to a portal near (4608.0 6144.0 -1856.0)
Leaf 0 contents: 
Leaf 1 contents: CONTENTS_SOLID 
viscontents (node 0 contents ^ node 1 contents): CONTENTS_SOLID 
This means that none of the brushes in leaf 0 or 1 that touches the portal has CONTENTS_SOLID 
Check for a huge brush enclosing the coordinates above that has contents CONTENTS_SOLID 
Candidate brush IDs: 


FindPortalSide: Couldn't find a good match for which brush to assign to a portal near (5120.0 5632.0 -1856.0)
Leaf 0 contents: 
Leaf 1 contents: CONTENTS_SOLID 
viscontents (node 0 contents ^ node 1 contents): CONTENTS_SOLID 
This means that none of the brushes in leaf 0 or 1 that touches the portal has CONTENTS_SOLID 
Check for a huge brush enclosing the coordinates above that has contents CONTENTS_SOLID 
Candidate brush IDs: 


FindPortalSide: Couldn't find a good match for which brush to assign to a portal near (5120.0 4608.0 -1856.0)
Leaf 0 contents: 
Leaf 1 contents: CONTENTS_SOLID 
viscontents (node 0 contents ^ node 1 contents): CONTENTS_SOLID 
This means that none of the brushes in leaf 0 or 1 that touches the portal has CONTENTS_SOLID 
Check for a huge brush enclosing the coordinates above that has contents CONTENTS_SOLID 
Candidate brush IDs: 


FindPortalSide: Couldn't find a good match for which brush to assign to a portal near (3584.0 6144.0 -1856.0)
Leaf 0 contents: 
Leaf 1 contents: CONTENTS_SOLID 
viscontents (node 0 contents ^ node 1 contents): CONTENTS_SOLID 
This means that none of the brushes in leaf 0 or 1 that touches the portal has CONTENTS_SOLID 
Check for a huge brush enclosing the coordinates above that has contents CONTENTS_SOLID 
Candidate brush IDs: 


FindPortalSide: Couldn't find a good match for which brush to assign to a portal near (2560.0 6144.0 -1856.0)
Leaf 0 contents: 
Leaf 1 contents: CONTENTS_SOLID 
viscontents (node 0 contents ^ node 1 contents): CONTENTS_SOLID 
This means that none of the brushes in leaf 0 or 1 that touches the portal has CONTENTS_SOLID 
Check for a huge brush enclosing the coordinates above that has contents CONTENTS_SOLID 
Candidate brush IDs: 


FindPortalSide: Couldn't find a good match for which brush to assign to a portal near (5120.0 3584.0 -1856.0)
Leaf 0 contents: 
Leaf 1 contents: CONTENTS_SOLID 
viscontents (node 0 contents ^ node 1 contents): CONTENTS_SOLID 
This means that none of the brushes in leaf 0 or 1 that touches the portal has CONTENTS_SOLID 
Check for a huge brush enclosing the coordinates above that has contents CONTENTS_SOLID 
Candidate brush IDs: 


FindPortalSide: Couldn't find a good match for which brush to assign to a portal near (4160.0 2048.0 -248.0)
Leaf 0 contents: CONTENTS_SOLID 
Leaf 1 contents: 
viscontents (node 0 contents ^ node 1 contents): CONTENTS_SOLID 
This means that none of the brushes in leaf 0 or 1 that touches the portal has CONTENTS_SOLID 
Check for a huge brush enclosing the coordinates above that has contents CONTENTS_SOLID 
Candidate brush IDs: 


FindPortalSide: Couldn't find a good match for which brush to assign to a portal near (4160.0 2048.0 -4168.0)
Leaf 0 contents: CONTENTS_SOLID 
Leaf 1 contents: 
viscontents (node 0 contents ^ node 1 contents): CONTENTS_SOLID 
This means that none of the brushes in leaf 0 or 1 that touches the portal has CONTENTS_SOLID 
Check for a huge brush enclosing the coordinates above that has contents CONTENTS_SOLID 
Candidate brush IDs: 

*** Suppressing further FindPortalSide errors.... ***
Processing areas...done (0)
Building Faces...done (0)
FixTjuncs...
PruneNodes...
WriteBSP...
done (0)
Creating default LDR cubemaps for env_cubemap using skybox materials:
   skybox/sky_day01_01*.vmt
 ! Run buildcubemaps in the engine to get the correct cube maps.
Creating default HDR cubemaps for env_cubemap using skybox materials:
   skybox/sky_day01_01*.vmt
 ! Run buildcubemaps in the engine to get the correct cube maps.
Finding displacement neighbors...
Finding lightmap sample positions...
Displacement Alpha : 0...1...2...3...4...5...6...7...8...9...10
Building Physics collision data...
done (0) (24935 bytes)
Placing detail props : 0...1...2...3...4...5...6...7...8...9...10
Compacting texture/material tables...
Reduced 170 texinfos to 147
Reduced 11 texdatas to 10 (267 bytes to 210)
Writing C:\mapsrc\surf_faux_rambjoe.bsp
Wrote ZIP buffer, estimated size 212282, actual size 211666
1 second elapsed



8 threads
reading c:\mapsrc\surf_faux_rambjoe.bsp
reading c:\mapsrc\surf_faux_rambjoe.prt
LoadPortals: couldn't read c:\mapsrc\surf_faux_rambjoe.prt



materialPath: C:\Program Files (x86)\Steam\steamapps\sourcemods\momentum\materials
Loading C:\mapsrc\surf_faux_rambjoe.vmf
Could not locate 'GameData' key in c:\program files (x86)\steam\steamapps\sourcemods\momentum\gameinfo.txt
fixing up env_cubemap materials on brush sides...
0...1...2...3...4...5...6...7...8...9...100...1...2...3...4...5...6...7...8...9...10Processing areas...done (0)
Building Faces...done (0)
FixTjuncs...
PruneNodes...
WriteBSP...
done (0)
writing C:\mapsrc\surf_faux_rambjoe.prt...Building visibility clusters...
done (0)
Creating default LDR cubemaps for env_cubemap using skybox materials:
   skybox/sky_day01_01*.vmt
 ! Run buildcubemaps in the engine to get the correct cube maps.
Creating default HDR cubemaps for env_cubemap using skybox materials:
   skybox/sky_day01_01*.vmt
 ! Run buildcubemaps in the engine to get the correct cube maps.
Finding displacement neighbors...
Finding lightmap sample positions...
Displacement Alpha : 0...1...2...3...4...5...6...7...8...9...10
Building Physics collision data...
done (0) (24935 bytes)
Placing detail props : 0...1...2...3...4...5...6...7...8...9...10
Compacting texture/material tables...
Reduced 170 texinfos to 127
Reduced 11 texdatas to 10 (267 bytes to 210)
Writing C:\mapsrc\surf_faux_rambjoe.bsp
Wrote ZIP buffer, estimated size 212282, actual size 211666
0 seconds elapsed



8 threads
reading c:\mapsrc\surf_faux_rambjoe.bsp
reading c:\mapsrc\surf_faux_rambjoe.prt
 389 portalclusters
1385 numportals
0...1...2...3...4...5...6...7...8...9...10Optimized: 5468 visible clusters (3.93%)
Total clusters visible: 139280
Average clusters visible: 358
Building PAS...
Average clusters audible: 388
visdatasize:41010  compressed from 43568
writing c:\mapsrc\surf_faux_rambjoe.bsp
0 seconds elapsed



materialPath: C:\Program Files (x86)\Steam\steamapps\sourcemods\momentum\materials
Loading C:\mapsrc\surf_faux_rambjoe.vmf
Could not locate 'GameData' key in c:\program files (x86)\steam\steamapps\sourcemods\momentum\gameinfo.txt
fixing up env_cubemap materials on brush sides...
0...1...2...3...4...5...6...7...8...9...100...1...2...3...4...5...6...7...8...9...10Processing areas...done (0)
Building Faces...done (0)
FixTjuncs...
PruneNodes...
WriteBSP...
done (0)
writing C:\mapsrc\surf_faux_rambjoe.prt...Building visibility clusters...
done (0)
Creating default LDR cubemaps for env_cubemap using skybox materials:
   skybox/sky_day01_01*.vmt
 ! Run buildcubemaps in the engine to get the correct cube maps.
Creating default HDR cubemaps for env_cubemap using skybox materials:
   skybox/sky_day01_01*.vmt
 ! Run buildcubemaps in the engine to get the correct cube maps.
Finding displacement neighbors...
Finding lightmap sample positions...
Displacement Alpha : 0...1...2...3...4...5...6...7...8...9...10
Building Physics collision data...
done (0) (24935 bytes)
Placing detail props : 0...1...2...3...4...5...6...7...8...9...10
Compacting texture/material tables...
Reduced 168 texinfos to 124
Reduced 11 texdatas to 10 (267 bytes to 210)
Writing C:\mapsrc\surf_faux_rambjoe.bsp
Wrote ZIP buffer, estimated size 212282, actual size 211666
0 seconds elapsed



8 threads
reading c:\mapsrc\surf_faux_rambjoe.bsp
reading c:\mapsrc\surf_faux_rambjoe.prt
 388 portalclusters
1355 numportals
0...1...2...3...4...5...6...7...8...9...10Optimized: 5368 visible clusters (3.87%)
Total clusters visible: 138688
Average clusters visible: 357
Building PAS...
Average clusters audible: 387
visdatasize:40876  compressed from 43456
writing c:\mapsrc\surf_faux_rambjoe.bsp
0 seconds elapsed



materialPath: C:\Program Files (x86)\Steam\steamapps\sourcemods\momentum\materials
Loading C:\mapsrc\surf_faux_rambjoe.vmf
Could not locate 'GameData' key in c:\program files (x86)\steam\steamapps\sourcemods\momentum\gameinfo.txt
fixing up env_cubemap materials on brush sides...
0...1...2...3...4...5...6...7...8...9...100...1...2...3...4...5...6...7...8...9...10Processing areas...done (0)
Building Faces...done (0)
FixTjuncs...
PruneNodes...
WriteBSP...
done (0)
writing C:\mapsrc\surf_faux_rambjoe.prt...Building visibility clusters...
done (0)
Creating default LDR cubemaps for env_cubemap using skybox materials:
   skybox/sky_day01_01*.vmt
 ! Run buildcubemaps in the engine to get the correct cube maps.
Creating default HDR cubemaps for env_cubemap using skybox materials:
   skybox/sky_day01_01*.vmt
 ! Run buildcubemaps in the engine to get the correct cube maps.
Finding displacement neighbors...
Finding lightmap sample positions...
Displacement Alpha : 0...1...2...3...4...5...6...7...8...9...10
Building Physics collision data...
done (0) (25687 bytes)
Placing detail props : 0...1...2...3...4...5...6...7...8...9...10
Compacting texture/material tables...
Reduced 168 texinfos to 124
Reduced 11 texdatas to 10 (267 bytes to 210)
Writing C:\mapsrc\surf_faux_rambjoe.bsp
Wrote ZIP buffer, estimated size 212282, actual size 211666
0 seconds elapsed



8 threads
reading c:\mapsrc\surf_faux_rambjoe.bsp
reading c:\mapsrc\surf_faux_rambjoe.prt
 390 portalclusters
1360 numportals
0...1...2...3...4...5...6...7...8...9...10Optimized: 5407 visible clusters (3.86%)
Total clusters visible: 140161
Average clusters visible: 359
Building PAS...
Average clusters audible: 389
visdatasize:41100  compressed from 43680
writing c:\mapsrc\surf_faux_rambjoe.bsp
0 seconds elapsed



materialPath: C:\Program Files (x86)\Steam\steamapps\sourcemods\momentum\materials
Loading C:\mapsrc\surf_faux_rambjoe.vmf
Could not locate 'GameData' key in c:\program files (x86)\steam\steamapps\sourcemods\momentum\gameinfo.txt
fixing up env_cubemap materials on brush sides...
0...1...2...3...4...5...6...7...8...9...100...1...2...3...4...5...6...7...8...9...10Processing areas...done (0)
Building Faces...done (0)
FixTjuncs...
PruneNodes...
WriteBSP...
done (0)
writing C:\mapsrc\surf_faux_rambjoe.prt...Building visibility clusters...
done (0)
Creating default LDR cubemaps for env_cubemap using skybox materials:
   skybox/sky_day01_01*.vmt
 ! Run buildcubemaps in the engine to get the correct cube maps.
Creating default HDR cubemaps for env_cubemap using skybox materials:
   skybox/sky_day01_01*.vmt
 ! Run buildcubemaps in the engine to get the correct cube maps.
Finding displacement neighbors...
Finding lightmap sample positions...
Displacement Alpha : 0...1...2...3...4...5...6...7...8...9...10
Building Physics collision data...
done (0) (25783 bytes)
Placing detail props : 0...1...2...3...4...5...6...7...8...9...10
Compacting texture/material tables...
Reduced 168 texinfos to 124
Reduced 11 texdatas to 10 (267 bytes to 210)
Writing C:\mapsrc\surf_faux_rambjoe.bsp
Wrote ZIP buffer, estimated size 212282, actual size 211666
0 seconds elapsed



8 threads
reading c:\mapsrc\surf_faux_rambjoe.bsp
reading c:\mapsrc\surf_faux_rambjoe.prt
 392 portalclusters
1370 numportals
0...1...2...3...4...5...6...7...8...9...10Optimized: 5548 visible clusters (3.93%)
Total clusters visible: 141088
Average clusters visible: 359
Building PAS...
Average clusters audible: 391
visdatasize:41273  compressed from 43904
writing c:\mapsrc\surf_faux_rambjoe.bsp
0 seconds elapsed



materialPath: C:\Program Files (x86)\Steam\steamapps\sourcemods\momentum\materials
Loading C:\mapsrc\surf_faux_rambjoe.vmf
Could not locate 'GameData' key in c:\program files (x86)\steam\steamapps\sourcemods\momentum\gameinfo.txt
fixing up env_cubemap materials on brush sides...
0...1...2...3...4...5...6...7...8...9...100...1...2...3...4...5...6...7...8...9...10Processing areas...done (0)
Building Faces...done (0)
FixTjuncs...
PruneNodes...
WriteBSP...
done (0)
writing C:\mapsrc\surf_faux_rambjoe.prt...Building visibility clusters...
done (0)
Creating default LDR cubemaps for env_cubemap using skybox materials:
   skybox/sky_day01_01*.vmt
 ! Run buildcubemaps in the engine to get the correct cube maps.
Creating default HDR cubemaps for env_cubemap using skybox materials:
   skybox/sky_day01_01*.vmt
 ! Run buildcubemaps in the engine to get the correct cube maps.
Finding displacement neighbors...
Finding lightmap sample positions...
Displacement Alpha : 0...1...2...3...4...5...6...7...8...9...10
Building Physics collision data...
done (0) (25783 bytes)
Placing detail props : 0...1...2...3...4...5...6...7...8...9...10
Compacting texture/material tables...
Reduced 168 texinfos to 124
Reduced 11 texdatas to 10 (267 bytes to 210)
Writing C:\mapsrc\surf_faux_rambjoe.bsp
Wrote ZIP buffer, estimated size 212282, actual size 211666
0 seconds elapsed



8 threads
reading c:\mapsrc\surf_faux_rambjoe.bsp
reading c:\mapsrc\surf_faux_rambjoe.prt
 392 portalclusters
1370 numportals
0...1...2...3...4...5...6...7...8...9...10Optimized: 5532 visible clusters (3.92%)
Total clusters visible: 141082
Average clusters visible: 359
Building PAS...
Average clusters audible: 391
visdatasize:41273  compressed from 43904
writing c:\mapsrc\surf_faux_rambjoe.bsp
0 seconds elapsed



materialPath: C:\Program Files (x86)\Steam\steamapps\sourcemods\momentum\materials
Loading C:\mapsrc\surf_faux_rambjoe.vmf
Could not locate 'GameData' key in c:\program files (x86)\steam\steamapps\sourcemods\momentum\gameinfo.txt
fixing up env_cubemap materials on brush sides...
0...1...2...3...4...5...6...7...8...9...100...1...2...3...4...5...6...7...8...9...10Processing areas...done (0)
Building Faces...done (0)
FixTjuncs...
PruneNodes...
WriteBSP...
done (0)
writing C:\mapsrc\surf_faux_rambjoe.prt...Building visibility clusters...
done (0)
Creating default LDR cubemaps for env_cubemap using skybox materials:
   skybox/sky_day01_01*.vmt
 ! Run buildcubemaps in the engine to get the correct cube maps.
Creating default HDR cubemaps for env_cubemap using skybox materials:
   skybox/sky_day01_01*.vmt
 ! Run buildcubemaps in the engine to get the correct cube maps.
Finding displacement neighbors...
Finding lightmap sample positions...
Displacement Alpha : 0...1...2...3...4...5...6...7...8...9...10
Building Physics collision data...
done (0) (25783 bytes)
Placing detail props : 0...1...2...3...4...5...6...7...8...9...10
Compacting texture/material tables...
Reduced 168 texinfos to 124
Reduced 11 texdatas to 10 (267 bytes to 210)
Writing C:\mapsrc\surf_faux_rambjoe.bsp
Wrote ZIP buffer, estimated size 212282, actual size 211666
0 seconds elapsed



8 threads
reading c:\mapsrc\surf_faux_rambjoe.bsp
reading c:\mapsrc\surf_faux_rambjoe.prt
 392 portalclusters
1370 numportals
0...1...2...3...4...5...6...7...8...9...10Optimized: 4479 visible clusters (3.15%)
Total clusters visible: 142231
Average clusters visible: 362
Building PAS...
Average clusters audible: 392
visdatasize:41272  compressed from 43904
writing c:\mapsrc\surf_faux_rambjoe.bsp
0 seconds elapsed



materialPath: C:\Program Files (x86)\Steam\steamapps\sourcemods\momentum\materials
Loading C:\mapsrc\surf_faux_rambjoe.vmf
Could not locate 'GameData' key in c:\program files (x86)\steam\steamapps\sourcemods\momentum\gameinfo.txt
fixing up env_cubemap materials on brush sides...
0...1...2...3...4...5...6...7...8...9...100...1...2...3...4...5...6...7...8...9...10Processing areas...done (0)
Building Faces...done (0)
FixTjuncs...
PruneNodes...
WriteBSP...
done (0)
writing C:\mapsrc\surf_faux_rambjoe.prt...Building visibility clusters...
done (0)
Creating default LDR cubemaps for env_cubemap using skybox materials:
   skybox/sky_day01_01*.vmt
 ! Run buildcubemaps in the engine to get the correct cube maps.
Creating default HDR cubemaps for env_cubemap using skybox materials:
   skybox/sky_day01_01*.vmt
 ! Run buildcubemaps in the engine to get the correct cube maps.
Finding displacement neighbors...
Finding lightmap sample positions...
Displacement Alpha : 0...1...2...3...4...5...6...7...8...9...10
Building Physics collision data...
done (0) (26514 bytes)
Placing detail props : 0...1...2...3...4...5...6...7...8...9...10
Compacting texture/material tables...
Reduced 174 texinfos to 127
Reduced 13 texdatas to 12 (313 bytes to 256)
Writing C:\mapsrc\surf_faux_rambjoe.bsp
Wrote ZIP buffer, estimated size 212282, actual size 211666
0 seconds elapsed



8 threads
reading c:\mapsrc\surf_faux_rambjoe.bsp
reading c:\mapsrc\surf_faux_rambjoe.prt
 418 portalclusters
1458 numportals
0...1...2...3...4...5...6...7...8...9...10Optimized: 5050 visible clusters (3.13%)
Total clusters visible: 161188
Average clusters visible: 385
Building PAS...
Average clusters audible: 418
visdatasize:47359  compressed from 46816
writing c:\mapsrc\surf_faux_rambjoe.bsp
0 seconds elapsed



materialPath: C:\Program Files (x86)\Steam\steamapps\sourcemods\momentum\materials
Loading C:\mapsrc\surf_faux_rambjoe.vmf
Could not locate 'GameData' key in c:\program files (x86)\steam\steamapps\sourcemods\momentum\gameinfo.txt
fixing up env_cubemap materials on brush sides...
0...1...2...3...4...5...6...7...8...9...100...1...2...3...4...5...6...7...8...9...10Processing areas...done (0)
Building Faces...done (0)
FixTjuncs...
PruneNodes...
WriteBSP...
done (0)
writing C:\mapsrc\surf_faux_rambjoe.prt...Building visibility clusters...
done (0)
Creating default LDR cubemaps for env_cubemap using skybox materials:
   skybox/sky_day01_01*.vmt
 ! Run buildcubemaps in the engine to get the correct cube maps.
Creating default HDR cubemaps for env_cubemap using skybox materials:
   skybox/sky_day01_01*.vmt
 ! Run buildcubemaps in the engine to get the correct cube maps.
Finding displacement neighbors...
Finding lightmap sample positions...
Displacement Alpha : 0...1...2...3...4...5...6...7...8...9...10
Building Physics collision data...
done (0) (26954 bytes)
Placing detail props : 0...1...2...3...4...5...6...7...8...9...10
Compacting texture/material tables...
Reduced 178 texinfos to 131
Reduced 13 texdatas to 12 (313 bytes to 256)
Writing C:\mapsrc\surf_faux_rambjoe.bsp
Wrote ZIP buffer, estimated size 212282, actual size 211666
0 seconds elapsed



8 threads
reading c:\mapsrc\surf_faux_rambjoe.bsp
reading c:\mapsrc\surf_faux_rambjoe.prt
 443 portalclusters
1504 numportals
0...1...2...3...4...5...6...7...8...9...10Optimized: 6837 visible clusters (3.93%)
Total clusters visible: 173911
Average clusters visible: 392
Building PAS...
Average clusters audible: 442
visdatasize:52635  compressed from 49616
writing c:\mapsrc\surf_faux_rambjoe.bsp
0 seconds elapsed



materialPath: C:\Program Files (x86)\Steam\steamapps\sourcemods\momentum\materials
Loading C:\mapsrc\surf_faux_rambjoe.vmf
Could not locate 'GameData' key in c:\program files (x86)\steam\steamapps\sourcemods\momentum\gameinfo.txt
fixing up env_cubemap materials on brush sides...
0...1...2...3...4...5...6...7...8...9...100...1...2...3...4...5...6...7...8...9...10Processing areas...done (0)
Building Faces...done (0)
FixTjuncs...
PruneNodes...
WriteBSP...
done (0)
writing C:\mapsrc\surf_faux_rambjoe.prt...Building visibility clusters...
done (0)
Creating default LDR cubemaps for env_cubemap using skybox materials:
   skybox/sky_day01_01*.vmt
 ! Run buildcubemaps in the engine to get the correct cube maps.
Creating default HDR cubemaps for env_cubemap using skybox materials:
   skybox/sky_day01_01*.vmt
 ! Run buildcubemaps in the engine to get the correct cube maps.
Finding displacement neighbors...
Finding lightmap sample positions...
Displacement Alpha : 0...1...2...3...4...5...6...7...8...9...10
Building Physics collision data...
done (0) (26562 bytes)
Placing detail props : 0...1...2...3...4...5...6...7...8...9...10
Compacting texture/material tables...
Reduced 174 texinfos to 122
Reduced 13 texdatas to 12 (313 bytes to 256)
Writing C:\mapsrc\surf_faux_rambjoe.bsp
Wrote ZIP buffer, estimated size 212282, actual size 211666
0 seconds elapsed



8 threads
reading c:\mapsrc\surf_faux_rambjoe.bsp
reading c:\mapsrc\surf_faux_rambjoe.prt
 406 portalclusters
1391 numportals
0...1...2...3...4...5...6...7...8...9...10Optimized: 6211 visible clusters (4.14%)
Total clusters visible: 149886
Average clusters visible: 369
Building PAS...
Average clusters audible: 405
visdatasize:44267  compressed from 45472
writing c:\mapsrc\surf_faux_rambjoe.bsp
0 seconds elapsed



materialPath: C:\Program Files (x86)\Steam\steamapps\sourcemods\momentum\materials
Loading C:\mapsrc\surf_faux_rambjoe.vmf
Could not locate 'GameData' key in c:\program files (x86)\steam\steamapps\sourcemods\momentum\gameinfo.txt
fixing up env_cubemap materials on brush sides...
0...1...2...3...4...5...6...7...8...9...100...1...2...3...4...5...6...7...8...9...10Processing areas...done (0)
Building Faces...done (0)
FixTjuncs...
PruneNodes...
WriteBSP...
done (0)
writing C:\mapsrc\surf_faux_rambjoe.prt...Building visibility clusters...
done (0)
Creating default LDR cubemaps for env_cubemap using skybox materials:
   skybox/sky_day01_01*.vmt
 ! Run buildcubemaps in the engine to get the correct cube maps.
Creating default HDR cubemaps for env_cubemap using skybox materials:
   skybox/sky_day01_01*.vmt
 ! Run buildcubemaps in the engine to get the correct cube maps.
Finding displacement neighbors...
Finding lightmap sample positions...
Displacement Alpha : 0...1...2...3...4...5...6...7...8...9...10
Building Physics collision data...
done (0) (26562 bytes)
Placing detail props : 0...1...2...3...4...5...6...7...8...9...10
Compacting texture/material tables...
Reduced 174 texinfos to 127
Reduced 13 texdatas to 12 (313 bytes to 256)
Writing C:\mapsrc\surf_faux_rambjoe.bsp
Wrote ZIP buffer, estimated size 212282, actual size 211666
0 seconds elapsed



8 threads
reading c:\mapsrc\surf_faux_rambjoe.bsp
reading c:\mapsrc\surf_faux_rambjoe.prt
 418 portalclusters
1456 numportals
0...1...2...3...4...5...6...7...8...9...10Optimized: 5912 visible clusters (3.69%)
Total clusters visible: 160392
Average clusters visible: 383
Building PAS...
Average clusters audible: 418
visdatasize:47322  compressed from 46816
writing c:\mapsrc\surf_faux_rambjoe.bsp
0 seconds elapsed



materialPath: C:\Program Files (x86)\Steam\steamapps\sourcemods\momentum\materials
Loading C:\mapsrc\surf_faux_rambjoe.vmf
Could not locate 'GameData' key in c:\program files (x86)\steam\steamapps\sourcemods\momentum\gameinfo.txt
fixing up env_cubemap materials on brush sides...
0...1...2...3...4...5...6...7...8...9...100...1...2...3...4...5...6...7...8...9...10Processing areas...done (0)
Building Faces...done (0)
FixTjuncs...
PruneNodes...
WriteBSP...
done (0)
writing C:\mapsrc\surf_faux_rambjoe.prt...Building visibility clusters...
done (0)
Creating default LDR cubemaps for env_cubemap using skybox materials:
   skybox/sky_day01_01*.vmt
 ! Run buildcubemaps in the engine to get the correct cube maps.
Creating default HDR cubemaps for env_cubemap using skybox materials:
   skybox/sky_day01_01*.vmt
 ! Run buildcubemaps in the engine to get the correct cube maps.
Finding displacement neighbors...
Finding lightmap sample positions...
Displacement Alpha : 0...1...2...3...4...5...6...7...8...9...10
Building Physics collision data...
done (0) (26562 bytes)
Placing detail props : 0...1...2...3...4...5...6...7...8...9...10
Compacting texture/material tables...
Reduced 174 texinfos to 127
Reduced 13 texdatas to 12 (313 bytes to 256)
Writing C:\mapsrc\surf_faux_rambjoe.bsp
Wrote ZIP buffer, estimated size 212282, actual size 211666
0 seconds elapsed



8 threads
reading c:\mapsrc\surf_faux_rambjoe.bsp
reading c:\mapsrc\surf_faux_rambjoe.prt
 427 portalclusters
1496 numportals
0...1...2...3...4...5...6...7...8...9...10Optimized: 6095 visible clusters (3.63%)
Total clusters visible: 167853
Average clusters visible: 393
Building PAS...
Average clusters audible: 427
visdatasize:49216  compressed from 47824
writing c:\mapsrc\surf_faux_rambjoe.bsp
0 seconds elapsed



materialPath: C:\Program Files (x86)\Steam\steamapps\sourcemods\momentum\materials
Loading C:\mapsrc\surf_faux_rambjoe.vmf
Could not locate 'GameData' key in c:\program files (x86)\steam\steamapps\sourcemods\momentum\gameinfo.txt
fixing up env_cubemap materials on brush sides...
0...1...2...3...4...5...6...7...8...9...100...1...2...3...4...5...6...7...8...9...10Processing areas...done (0)
Building Faces...done (0)
FixTjuncs...
PruneNodes...
WriteBSP...
done (0)
writing C:\mapsrc\surf_faux_rambjoe.prt...Building visibility clusters...
done (0)
Creating default LDR cubemaps for env_cubemap using skybox materials:
   skybox/sky_day01_01*.vmt
 ! Run buildcubemaps in the engine to get the correct cube maps.
Creating default HDR cubemaps for env_cubemap using skybox materials:
   skybox/sky_day01_01*.vmt
 ! Run buildcubemaps in the engine to get the correct cube maps.
Finding displacement neighbors...
Finding lightmap sample positions...
Displacement Alpha : 0...1...2...3...4...5...6...7...8...9...10
Building Physics collision data...
done (0) (26562 bytes)
Placing detail props : 0...1...2...3...4...5...6...7...8...9...10
Compacting texture/material tables...
Reduced 174 texinfos to 127
Reduced 13 texdatas to 12 (313 bytes to 256)
Writing C:\mapsrc\surf_faux_rambjoe.bsp
Wrote ZIP buffer, estimated size 212282, actual size 211666
0 seconds elapsed



8 threads
reading c:\mapsrc\surf_faux_rambjoe.bsp
reading c:\mapsrc\surf_faux_rambjoe.prt
 418 portalclusters
1456 numportals
0...1...2...3...4...5...6...7...8...9...10Optimized: 5912 visible clusters (3.69%)
Total clusters visible: 160392
Average clusters visible: 383
Building PAS...
Average clusters audible: 418
visdatasize:47322  compressed from 46816
writing c:\mapsrc\surf_faux_rambjoe.bsp
0 seconds elapsed



materialPath: C:\Program Files (x86)\Steam\steamapps\sourcemods\momentum\materials
Loading C:\mapsrc\surf_faux_rambjoe.vmf
Could not locate 'GameData' key in c:\program files (x86)\steam\steamapps\sourcemods\momentum\gameinfo.txt
fixing up env_cubemap materials on brush sides...
0...1...2...3...4...5...6...7...8...9...100...1...2...3...4...5...6...7...8...9...10Processing areas...done (0)
Building Faces...done (0)
FixTjuncs...
PruneNodes...
WriteBSP...
done (0)
writing C:\mapsrc\surf_faux_rambjoe.prt...Building visibility clusters...
done (0)
Creating default LDR cubemaps for env_cubemap using skybox materials:
   skybox/sky_day01_01*.vmt
 ! Run buildcubemaps in the engine to get the correct cube maps.
Creating default HDR cubemaps for env_cubemap using skybox materials:
   skybox/sky_day01_01*.vmt
 ! Run buildcubemaps in the engine to get the correct cube maps.
Finding displacement neighbors...
Finding lightmap sample positions...
Displacement Alpha : 0...1...2...3...4...5...6...7...8...9...10
Building Physics collision data...
done (0) (26562 bytes)
Placing detail props : 0...1...2...3...4...5...6...7...8...9...10
Compacting texture/material tables...
Reduced 174 texinfos to 127
Reduced 13 texdatas to 12 (313 bytes to 256)
Writing C:\mapsrc\surf_faux_rambjoe.bsp
Wrote ZIP buffer, estimated size 212282, actual size 211666
0 seconds elapsed



8 threads
reading c:\mapsrc\surf_faux_rambjoe.bsp
reading c:\mapsrc\surf_faux_rambjoe.prt
 418 portalclusters
1456 numportals
0...1...2...3...4...5...6...7...8...9...10Optimized: 5887 visible clusters (3.67%)
Total clusters visible: 160365
Average clusters visible: 383
Building PAS...
Average clusters audible: 418
visdatasize:47287  compressed from 46816
writing c:\mapsrc\surf_faux_rambjoe.bsp
0 seconds elapsed



materialPath: C:\Program Files (x86)\Steam\steamapps\sourcemods\momentum\materials
Loading C:\mapsrc\surf_faux_rambjoe.vmf
Could not locate 'GameData' key in c:\program files (x86)\steam\steamapps\sourcemods\momentum\gameinfo.txt
fixing up env_cubemap materials on brush sides...
0...1...2...3...4...5...6...7...8...9...100...1...2...3...4...5...6...7...8...9...10Processing areas...done (0)
Building Faces...done (0)
FixTjuncs...
PruneNodes...
WriteBSP...
done (0)
writing C:\mapsrc\surf_faux_rambjoe.prt...Building visibility clusters...
done (0)
Creating default LDR cubemaps for env_cubemap using skybox materials:
   skybox/sky_day01_01*.vmt
 ! Run buildcubemaps in the engine to get the correct cube maps.
Creating default HDR cubemaps for env_cubemap using skybox materials:
   skybox/sky_day01_01*.vmt
 ! Run buildcubemaps in the engine to get the correct cube maps.
Finding displacement neighbors...
Finding lightmap sample positions...
Displacement Alpha : 0...1...2...3...4...5...6...7...8...9...10
Building Physics collision data...
done (0) (26514 bytes)
Placing detail props : 0...1...2...3...4...5...6...7...8...9...10
Compacting texture/material tables...
Reduced 174 texinfos to 127
Reduced 13 texdatas to 12 (313 bytes to 256)
Writing C:\mapsrc\surf_faux_rambjoe.bsp
Wrote ZIP buffer, estimated size 212282, actual size 211666
0 seconds elapsed



8 threads
reading c:\mapsrc\surf_faux_rambjoe.bsp
reading c:\mapsrc\surf_faux_rambjoe.prt
 418 portalclusters
1456 numportals
0...1...2...3...4...5...6...7...8...9...10Optimized: 6035 visible clusters (3.76%)
Total clusters visible: 160321
Average clusters visible: 383
Building PAS...
Average clusters audible: 417
visdatasize:47288  compressed from 46816
writing c:\mapsrc\surf_faux_rambjoe.bsp
0 seconds elapsed



materialPath: C:\Program Files (x86)\Steam\steamapps\sourcemods\momentum\materials
Loading C:\mapsrc\surf_faux_rambjoe.vmf
Could not locate 'GameData' key in c:\program files (x86)\steam\steamapps\sourcemods\momentum\gameinfo.txt
fixing up env_cubemap materials on brush sides...
0...1...2...3...4...5...6...7...8...9...100...1...2...3...4...5...6...7...8...9...10Processing areas...done (0)
Building Faces...done (0)
FixTjuncs...
PruneNodes...
WriteBSP...
done (0)
writing C:\mapsrc\surf_faux_rambjoe.prt...Building visibility clusters...
done (0)
Creating default LDR cubemaps for env_cubemap using skybox materials:
   skybox/sky_day01_01*.vmt
 ! Run buildcubemaps in the engine to get the correct cube maps.
Creating default HDR cubemaps for env_cubemap using skybox materials:
   skybox/sky_day01_01*.vmt
 ! Run buildcubemaps in the engine to get the correct cube maps.
Finding displacement neighbors...
Finding lightmap sample positions...
Displacement Alpha : 0...1...2...3...4...5...6...7...8...9...10
Building Physics collision data...
done (0) (26514 bytes)
Placing detail props : 0...1...2...3...4...5...6...7...8...9...10
Compacting texture/material tables...
Reduced 174 texinfos to 127
Reduced 13 texdatas to 12 (313 bytes to 256)
Writing C:\mapsrc\surf_faux_rambjoe.bsp
Wrote ZIP buffer, estimated size 212282, actual size 211666
0 seconds elapsed



8 threads
reading c:\mapsrc\surf_faux_rambjoe.bsp
reading c:\mapsrc\surf_faux_rambjoe.prt
 418 portalclusters
1456 numportals
0...1...2...3...4...5...6...7...8...9...10Optimized: 6066 visible clusters (3.79%)
Total clusters visible: 160192
Average clusters visible: 383
Building PAS...
Average clusters audible: 417
visdatasize:47266  compressed from 46816
writing c:\mapsrc\surf_faux_rambjoe.bsp
0 seconds elapsed
